1595263212153	mozrunner::runner	INFO	Running command: "C:\\Program Files\\Mozilla Firefox\\firefox.exe" "-marionette" "-foreground" "-no-remote" "-profile" "C:\\Users\\Ken\\AppData\\Local\\Temp\\rust_mozprofilebr4hRA"
JavaScript error: resource://gre/modules/XULStore.jsm, line 66: Error: Can't find profile directory.
1595263216742	Marionette	INFO	Listening on port 54355
1595263217104	Marionette	WARN	TLS certificate errors will be ignored for this session
1595263425286	Marionette	INFO	Stopped listening on port 54355

###!!! [Child][RunMessage] Error: Channel closing: too late to send/recv, messages will be lost


###!!! [Child][MessageChannel::SendAndWait] Error: Channel error: cannot send/recv

odules/XULStore.jsm, line 66: Error: Can't find profile directory.
1595263224412	Marionette	INFO	Listening on port 54402
1595263224543	Marionette	WARN	TLS certificate errors will be ignored for this session
1595263226890	Marionette	INFO	Stopped listening on port 54402

###!!! [Child][RunMessage] Error: Channel closing: too late to send/recv, messages will be lost


###!!! [Child][MessageChannel::SendAndWait] Error: Channel error: cannot send/recv

1595263461502	mozrunner::runner	INFO	Running command: "C:\\Program Files\\Mozilla Firefox\\firefox.exe" "-marionette" "-foreground" "-no-remote" "-profile" "C:\\Users\\Ken\\AppData\\Local\\Temp\\rust_mozprofile7jY40a"
JavaScript error: resource://gre/modules/XULStore.jsm, line 66: Error: Can't find profile directory.
1595263465323	Marionette	INFO	Listening on port 54527
1595263465340	Marionette	WARN	TLS certificate errors will be ignored for this session
1595263484474	Marionette	INFO	Stopped listening on port 54527

###!!! [Child][RunMessage] Error: Channel closing: too late to send/recv, messages will be lost


###!!! [Child][MessageChannel::SendAndWait] Error: Channel error: cannot send/recv

odules/XULStore.jsm, line 66: Error: Can't find profile directory.
1595263472259	Marionette	INFO	Listening on port 54568
1595263472341	Marionette	WARN	TLS certificate errors will be ignored for this session
1595263483282	Marionette	INFO	Stopped listening on port 54568

###!!! [Child][RunMessage] Error: Channel closing: too late to send/recv, messages will be lost


###!!! [Child][MessageChannel::SendAndWait] Error: Channel error: cannot send/recv

1595263503791	mozrunner::runner	INFO	Running command: "C:\\Program Files\\Mozilla Firefox\\firefox.exe" "-marionette" "-foreground" "-no-remote" "-profile" "C:\\Users\\Ken\\AppData\\Local\\Temp\\rust_mozprofileUHfdVF"
JavaScript error: resource://gre/modules/XULStore.jsm, line 66: Error: Can't find profile directory.
1595263507348	Marionette	INFO	Listening on port 54619
1595263507621	Marionette	WARN	TLS certificate errors will be ignored for this session
1595263526800	Marionette	INFO	Stopped listening on port 54619

###!!! [Child][RunMessage] Error: Channel closing: too late to send/recv, messages will be lost


###!!! [Child][MessageChannel::SendAndWait] Error: Channel error: cannot send/recv

odules/XULStore.jsm, line 66: Error: Can't find profile directory.
1595263514312	Marionette	INFO	Listening on port 54661
1595263514595	Marionette	WARN	TLS certificate errors will be ignored for this session
1595263517995	Marionette	INFO	Stopped listening on port 54661

###!!! [Child][RunMessage] Error: Channel closing: too late to send/recv, messages will be lost


###!!! [Child][MessageChannel::SendAndWait] Error: Channel error: cannot send/recv

1595263587707	mozrunner::runner	INFO	Running command: "C:\\Program Files\\Mozilla Firefox\\firefox.exe" "-marionette" "-foreground" "-no-remote" "-profile" "C:\\Users\\Ken\\AppData\\Local\\Temp\\rust_mozprofileGF5qzN"
JavaScript error: resource://gre/modules/XULStore.jsm, line 66: Error: Can't find profile directory.
1595263591508	Marionette	INFO	Listening on port 54778
1595263591566	Marionette	WARN	TLS certificate errors will be ignored for this session
1595263623608	Marionette	INFO	Stopped listening on port 54778

###!!! [Child][RunMessage] Error: Channel closing: too late to send/recv, messages will be lost


###!!! [Child][MessageChannel::SendAndWait] Error: Channel error: cannot send/recv

odules/XULStore.jsm, line 66: Error: Can't find profile directory.
1595263600408	Marionette	INFO	Listening on port 54819
1595263600902	Marionette	WARN	TLS certificate errors will be ignored for this session
1595263608216	Marionette	INFO	Stopped listening on port 54819
IPDL protocol error: Handler returned error code!

###!!! [Parent][DispatchAsyncMessage] Error: PLayerTransaction::Msg_ReleaseLayer Processing error: message was deserialized, but the handler returned false (indicating failure)


###!!! [Child][RunMessage] Error: Channel closing: too late to send/recv, messages will be lost


###!!! [Child][MessageChannel::SendAndWait] Error: Channel error: cannot send/recv

1595263645935	mozrunner::runner	INFO	Running command: "C:\\Program Files\\Mozilla Firefox\\firefox.exe" "-marionette" "-foreground" "-no-remote" "-profile" "C:\\Users\\Ken\\AppData\\Local\\Temp\\rust_mozprofileBJL7ae"
JavaScript error: resource://gre/modules/XULStore.jsm, line 66: Error: Can't find profile directory.
1595263649069	Marionette	INFO	Listening on port 54909
1595263649177	Marionette	WARN	TLS certificate errors will be ignored for this session
1595263652506	Marionette	INFO	Stopped listening on port 54909

###!!! [Child][MessageChannel::SendAndWait] Error: Channel error: cannot send/recv

1595263751898	mozrunner::runner	INFO	Running command: "C:\\Program Files\\Mozilla Firefox\\firefox.exe" "-marionette" "-foreground" "-no-remote" "-profile" "C:\\Users\\Ken\\AppData\\Local\\Temp\\rust_mozprofileZ787OV"
JavaScript error: resource://gre/modules/XULStore.jsm, line 66: Error: Can't find profile directory.
1595263755582	Marionette	INFO	Listening on port 55012
1595263755737	Marionette	WARN	TLS certificate errors will be ignored for this session
1595263758517	Marionette	INFO	Stopped listening on port 55012

###!!! [Child][MessageChannel::SendAndWait] Error: Channel error: cannot send/recv

1595392473969	mozrunner::runner	INFO	Running command: "C:\\Program Files\\Mozilla Firefox\\firefox.exe" "-marionette" "-foreground" "-no-remote" "-profile" "C:\\Users\\Ken\\AppData\\Local\\Temp\\rust_mozprofileN0ev0L"
JavaScript error: resource://gre/modules/XULStore.jsm, line 66: Error: Can't find profile directory.
1595392479315	Marionette	INFO	Listening on port 49679
1595392479556	Marionette	WARN	TLS certificate errors will be ignored for this session

###!!! [Child][MessageChannel] Error: (msgtype=0x39012D,name=PContent::Msg_ScriptError) Channel closing: too late to send/recv, messages will be lost


###!!! [Child][RunMessage] Error: Channel closing: too late to send/recv, messages will be lost

1595392483456	Marionette	INFO	Stopped listening on port 49679

###!!! [Child][RunMessage] Error: Channel closing: too late to send/recv, messages will be lost


###!!! [Child][MessageChannel::SendAndWait] Error: Channel error: cannot send/recv

